<?xml version="1.0" encoding="UTF-8"?>
<!-- Generated by org.testng.reporters.JUnitXMLReporter -->
<testsuite hostname="DESKTOP-J97733P" ignored="1" name="Default test(failed)" tests="2" failures="1" timestamp="2022-02-25T08:19:11 IST" time="43.479" errors="0">
  <testcase name="launchApp" time="0.0" classname="com.ackage.iteraqa.CheckBox1">
    <failure type="org.testng.TestNGException" message="
Parameter &amp;apos;url&amp;apos; is required by @Test on method launchApp but has not been marked @Optional or defined
in C:\Users\HP\eclipse-workspace\MavenFrameWork\test-output\testng-failed.xml">
      <![CDATA[org.testng.TestNGException: 
Parameter 'url' is required by @Test on method launchApp but has not been marked @Optional or defined
in C:\Users\HP\eclipse-workspace\MavenFrameWork\test-output\testng-failed.xml
at java.util.ArrayList.forEach(Unknown Source)
... Removed 26 stack frames]]>
    </failure>
  </testcase> <!-- launchApp -->
  <testcase name="clickOnCheckBox" time="30.085" classname="com.ackage.iteraqa.CheckBox1"/>
  <testcase name="clickOnFirst3CheckBoxes" time="0.0" classname="com.ackage.iteraqa.CheckBox1">
    <ignored/>
  </testcase> <!-- clickOnFirst3CheckBoxes -->
</testsuite> <!-- Default test(failed) -->
