<?xml version="1.0" encoding="UTF-8"?>
<!-- Generated by org.testng.reporters.JUnitXMLReporter -->
<testsuite hostname="DESKTOP-J97733P" ignored="0" name=" Dependency group Test" tests="8" failures="1" timestamp="2022-02-25T12:04:21 IST" time="0.109" errors="0">
  <testcase name="test1" time="0.012" classname="com.hyr.dependentTests.TestGroupDependency"/>
  <testcase name="test2" time="0.002" classname="com.hyr.dependentTests.TestGroupDependency"/>
  <testcase name="test3" time="0.003" classname="com.hyr.dependentTests.TestGroupDependency"/>
  <testcase name="test0" time="0.002" classname="com.hyr.dependentTests.TestGroupDependency"/>
  <testcase name="test4" time="0.002" classname="com.hyr.dependentTests.TestGroupDependency"/>
  <testcase name="test5" time="0.002" classname="com.hyr.dependentTests.TestGroupDependency">
    <failure type="java.lang.ArithmeticException" message="/ by zero">
      <![CDATA[java.lang.ArithmeticException: / by zero
at com.hyr.dependentTests.TestGroupDependency.test5(TestGroupDependency.java:29)
at java.util.ArrayList.forEach(Unknown Source)
... Removed 27 stack frames]]>
    </failure>
  </testcase> <!-- test5 -->
  <testcase name="test6" time="0.0" classname="com.hyr.dependentTests.TestGroupDependency">
    <skipped/>
  </testcase> <!-- test6 -->
  <testcase name="test7" time="0.0" classname="com.hyr.dependentTests.TestGroupDependency">
    <skipped/>
  </testcase> <!-- test7 -->
</testsuite> <!--  Dependency group Test -->
